<?xml version="1.0" encoding="UTF-8" ?>
<testsuite tests="1" failures="0" name="com.example.MyResourceTest" time="19.083" errors="0" skipped="0">
  <properties>
    <property name="java.runtime.name" value="OpenJDK Runtime Environment"/>
    <property name="java.vm.version" value="12.0.1+12"/>
    <property name="sun.boot.library.path" value="C:\Program Files\AdoptOpenJDK\jdk-12.0.1.12-hotspot\bin"/>
    <property name="maven.multiModuleProjectDirectory" value="D:/praxis-academy/repo/praxis/Novice-03-04/files/latihan/simple-service"/>
    <property name="java.vm.vendor" value="AdoptOpenJDK"/>
    <property name="java.vendor.url" value="https://adoptopenjdk.net/"/>
    <property name="guice.disable.misplaced.annotation.check" value="true"/>
    <property name="path.separator" value=";"/>
    <property name="java.vm.name" value="OpenJDK Server VM"/>
    <property name="sun.os.patch.level" value="Service Pack 1"/>
    <property name="user.script" value=""/>
    <property name="user.country" value="US"/>
    <property name="sun.java.launcher" value="SUN_STANDARD"/>
    <property name="java.vm.specification.name" value="Java Virtual Machine Specification"/>
    <property name="user.dir" value="D:\praxis-academy\repo\praxis\Novice-03-04\files\latihan\simple-service"/>
    <property name="java.runtime.version" value="12.0.1+12"/>
    <property name="java.awt.graphicsenv" value="sun.awt.Win32GraphicsEnvironment"/>
    <property name="os.arch" value="x86"/>
    <property name="java.io.tmpdir" value="C:\Users\HSN\AppData\Local\Temp\"/>
    <property name="line.separator" value="
"/>
    <property name="java.vm.specification.vendor" value="Oracle Corporation"/>
    <property name="user.variant" value=""/>
    <property name="os.name" value="Windows 7"/>
    <property name="classworlds.conf" value="D:/Programs/apachemaven/apache-maven-3.6.1/bin/m2.conf"/>
    <property name="sun.jnu.encoding" value="Cp1252"/>
    <property name="java.library.path" value="C:\Program Files\AdoptOpenJDK\jdk-12.0.1.12-hotspot\bin;C:\Windows\Sun\Java\bin;C:\Windows\system32;C:\Windows;C:\Users\HSN\bin;C:\Users\HSN\AppData\Local\Atlassian\SourceTree\git_local\mingw32\bin;C:\Users\HSN\AppData\Local\Atlassian\SourceTree\git_local\usr\local\bin;C:\Users\HSN\AppData\Local\Atlassian\SourceTree\git_local\usr\bin;C:\Users\HSN\AppData\Local\Atlassian\SourceTree\git_local\usr\bin;C:\Users\HSN\AppData\Local\Atlassian\SourceTree\git_local\mingw32\bin;C:\Users\HSN\AppData\Local\Atlassian\SourceTree\git_local\usr\bin;C:\Users\HSN\bin;C:\Program Files\AdoptOpenJDK\jdk-12.0.1.12-hotspot\bin;C:\ProgramData\Oracle\Java\javapath;D:\app\HSN\product\11.2.0\client_1;C:\Windows\system32;C:\Windows;C:\Windows\System32\Wbem;C:\Windows\System32\WindowsPowerShell\v1.0;C:\ProgramData\ComposerSetup\bin;C:\Users\HSN\AppData\Roaming\Composer\vendor\bin;C:\adb;D:\Programs\HashiCorp\Vagrant\bin;D:\wamp\bin\php\php7.2.11;D:\Programs\Putty;D:\Programs\nodejs;C:\Users\HSN\AppData\Local\Atlassian\SourceTree\git_local\usr\bin;D:\Programs\gradle\bin;D:\Programs\apachemaven\apache-maven-3.6.1\bin;D:\Programs\Ruby25\bin;C:\Users\HSN\AppData\Roaming\Composer\vendor\bin;D;android\sdk manager\platform-tools;C;Program Files\gs\gs9.21\bin;C;Program Files\gs\gs9.21\lib;D:\wamp\bin\php\php7.2.11;C:\Users\HSN\AppData\Roaming\npm;D:\Programs\heroku\bin;C:\Users\HSN\AppData\Local\Atlassian\SourceTree\git_local\usr\bin\vendor_perl;C:\Users\HSN\AppData\Local\Atlassian\SourceTree\git_local\usr\bin\core_perl;."/>
    <property name="maven.conf" value="D:/Programs/apachemaven/apache-maven-3.6.1/conf"/>
    <property name="jdk.debug" value="release"/>
    <property name="java.class.version" value="56.0"/>
    <property name="java.specification.name" value="Java Platform API Specification"/>
    <property name="sun.management.compiler" value="HotSpot Tiered Compilers"/>
    <property name="os.version" value="6.1"/>
    <property name="library.jansi.path" value="D:/Programs/apachemaven/apache-maven-3.6.1/lib/jansi-native"/>
    <property name="user.home" value="C:\Users\HSN"/>
    <property name="user.timezone" value="Asia/Bangkok"/>
    <property name="file.encoding" value="Cp1252"/>
    <property name="java.specification.version" value="12"/>
    <property name="user.name" value="HSN"/>
    <property name="java.class.path" value="D:/Programs/apachemaven/apache-maven-3.6.1/boot/plexus-classworlds-2.6.0.jar"/>
    <property name="java.vm.specification.version" value="12"/>
    <property name="sun.arch.data.model" value="32"/>
    <property name="sun.java.command" value="org.codehaus.plexus.classworlds.launcher.Launcher clean test"/>
    <property name="java.home" value="C:\Program Files\AdoptOpenJDK\jdk-12.0.1.12-hotspot"/>
    <property name="user.language" value="en"/>
    <property name="java.specification.vendor" value="Oracle Corporation"/>
    <property name="awt.toolkit" value="sun.awt.windows.WToolkit"/>
    <property name="java.vm.info" value="mixed mode, emulated-client"/>
    <property name="java.version" value="12.0.1"/>
    <property name="java.vendor" value="AdoptOpenJDK"/>
    <property name="maven.home" value="D:\Programs\apachemaven\apache-maven-3.6.1"/>
    <property name="file.separator" value="\"/>
    <property name="java.version.date" value="2019-04-16"/>
    <property name="java.vendor.url.bug" value="https://github.com/AdoptOpenJDK/openjdk-build/issues"/>
    <property name="sun.io.unicode.encoding" value="UnicodeLittle"/>
    <property name="sun.cpu.endian" value="little"/>
    <property name="java.vendor.version" value="AdoptOpenJDK"/>
    <property name="sun.desktop" value="windows"/>
    <property name="sun.cpu.isalist" value="pentium_pro+mmx pentium_pro pentium+mmx pentium i486 i386 i86"/>
  </properties>
  <testcase classname="com.example.MyResourceTest" name="testGetIt" time="19.083"/>
</testsuite>